\BOOKMARK [1][-]{section.1}{Introduction}{}% 1
\BOOKMARK [2][-]{subsection.1.1}{Problem description}{section.1}% 2
\BOOKMARK [3][-]{subsubsection.1.1.1}{Game rules}{subsection.1.1}% 3
\BOOKMARK [3][-]{subsubsection.1.1.2}{Agent input and output}{subsection.1.1}% 4
\BOOKMARK [2][-]{subsection.1.2}{Problem analysis}{section.1}% 5
\BOOKMARK [1][-]{section.2}{Intuitive Algorithms}{}% 6
\BOOKMARK [2][-]{subsection.2.1}{Minimax with - Pruning}{section.2}% 7
\BOOKMARK [3][-]{subsubsection.2.1.1}{Overview}{subsection.2.1}% 8
\BOOKMARK [3][-]{subsubsection.2.1.2}{Result}{subsection.2.1}% 9
\BOOKMARK [2][-]{subsection.2.2}{Value Iteration}{section.2}% 10
\BOOKMARK [3][-]{subsubsection.2.2.1}{Overview}{subsection.2.2}% 11
\BOOKMARK [3][-]{subsubsection.2.2.2}{Special Strategies}{subsection.2.2}% 12
\BOOKMARK [3][-]{subsubsection.2.2.3}{Result}{subsection.2.2}% 13
\BOOKMARK [1][-]{section.3}{Dueling DQN}{}% 14
\BOOKMARK [2][-]{subsection.3.1}{Overview}{section.3}% 15
\BOOKMARK [2][-]{subsection.3.2}{Implementation}{section.3}% 16
\BOOKMARK [3][-]{subsubsection.3.2.1}{Input}{subsection.3.2}% 17
\BOOKMARK [3][-]{subsubsection.3.2.2}{Network design}{subsection.3.2}% 18
\BOOKMARK [2][-]{subsection.3.3}{Training}{section.3}% 19
\BOOKMARK [2][-]{subsection.3.4}{Result}{section.3}% 20
\BOOKMARK [1][-]{section.4}{Analysis}{}% 21
\BOOKMARK [2][-]{subsection.4.1}{Advantages and disadvantages}{section.4}% 22
\BOOKMARK [2][-]{subsection.4.2}{Comparison of VI and DQN}{section.4}% 23
\BOOKMARK [2][-]{subsection.4.3}{Final agent}{section.4}% 24
\BOOKMARK [1][-]{section.5}{Summary}{}% 25
\BOOKMARK [1][-]{appendix.A}{Role and contribution of each member in the group}{}% 26
\BOOKMARK [1][-]{appendix.B}{Code}{}% 27
